<?xml version="1.0" encoding="UTF-8"?>
<testng-results skipped="0" failed="0" ignored="0" total="1" passed="1">
  <reporter-output>
  </reporter-output>
  <suite name="Default suite" duration-ms="15353" started-at="2022-12-14T21:47:39 IST" finished-at="2022-12-14T21:47:54 IST">
    <groups>
    </groups>
    <test name="Default test" duration-ms="15353" started-at="2022-12-14T21:47:39 IST" finished-at="2022-12-14T21:47:54 IST">
      <class name="Login.LoginAndMessage">
        <test-method status="PASS" signature="Login()[pri:0, instance:Login.LoginAndMessage@26a7b76d]" name="Login" duration-ms="15322" started-at="2022-12-14T21:47:39 IST" finished-at="2022-12-14T21:47:54 IST">
          <reporter-output>
          </reporter-output>
        </test-method> <!-- Login -->
      </class> <!-- Login.LoginAndMessage -->
    </test> <!-- Default test -->
  </suite> <!-- Default suite -->
</testng-results>
