<?xml version="1.0" encoding="UTF-8"?>
<testng-results skipped="0" failed="0" ignored="0" total="1" passed="1">
  <reporter-output>
  </reporter-output>
  <suite name="Default suite" duration-ms="14943" started-at="2022-12-14T20:42:20 IST" finished-at="2022-12-14T20:42:35 IST">
    <groups>
    </groups>
    <test name="Default test" duration-ms="14943" started-at="2022-12-14T20:42:20 IST" finished-at="2022-12-14T20:42:35 IST">
      <class name="Login.LoginAndMessage">
        <test-method status="PASS" signature="Login()[pri:0, instance:Login.LoginAndMessage@26a7b76d]" name="Login" duration-ms="14873" started-at="2022-12-14T20:42:20 IST" finished-at="2022-12-14T20:42:35 IST">
          <reporter-output>
          </reporter-output>
        </test-method> <!-- Login -->
      </class> <!-- Login.LoginAndMessage -->
    </test> <!-- Default test -->
  </suite> <!-- Default suite -->
</testng-results>
